<?xml version="1.0" encoding="UTF-8"?>
<!-- Generated by org.testng.reporters.JUnitReportReporter -->
<testsuite hostname="CPDK034" failures="0" tests="1" name="StepDefinition.PageFactoryLoginTestRunner" time="17.418" errors="0" timestamp="2024-07-11T10:23:11 IST" skipped="0">
  <testcase classname="StepDefinition.PageFactoryLoginTestRunner" name="runScenario" time="17.418"/>
</testsuite> <!-- StepDefinition.PageFactoryLoginTestRunner -->
